e:\lms\semester 1\cs110\my codes\latest game\game_coin\jahaz vs2013\debug\vc120.pdb
e:\lms\semester 1\cs110\my codes\latest game\game_coin\jahaz vs2013\debug\vc120.idb
e:\lms\semester 1\cs110\my codes\latest game\game_coin\jahaz vs2013\debug\main.obj
e:\lms\semester 1\cs110\my codes\latest game\game_coin\final moster 1\debug\vc120.pdb
e:\lms\semester 1\cs110\my codes\latest game\game_coin\final moster 1\debug\vc120.idb
e:\lms\semester 1\cs110\my codes\latest game\game_coin\final moster 1\debug\main.obj
e:\lms\semester 1\cs110\my codes\latest game\game_coin\final moster 1\debug\textures.obj
e:\lms\semester 1\cs110\my codes\latest game\game_coin\final\final moster 1 - copy (2) - copy\debug\vc120.pdb
e:\lms\semester 1\cs110\my codes\latest game\game_coin\final\final moster 1 - copy (2) - copy\debug\vc120.idb
e:\lms\semester 1\cs110\my codes\latest game\game_coin\final\final moster 1 - copy (2) - copy\debug\main.obj
e:\lms\semester 1\cs110\my codes\latest game\game_coin\final\final moster 1 - copy (2) - copy\debug\textures.obj
e:\lms\semester 1\cs110\my codes\latest game\game_coin\jahaz vs2013\debug\coconut monster.ilk
e:\lms\semester 1\cs110\my codes\latest game\game_coin\jahaz vs2013\debug\coconut monster.exe
e:\lms\semester 1\cs110\my codes\latest game\game_coin\jahaz vs2013\debug\coconut monster.pdb
e:\lms\semester 1\cs110\my codes\latest game\game_coin\final moster 1\debug\coconut monster.ilk
e:\lms\semester 1\cs110\my codes\latest game\game_coin\final moster 1\debug\coconut monster.exe
e:\lms\semester 1\cs110\my codes\latest game\game_coin\final moster 1\debug\coconut monster.pdb
e:\lms\semester 1\cs110\my codes\latest game\game_coin\final\final moster 1 - copy (2) - copy\debug\coconut monster.ilk
e:\lms\semester 1\cs110\my codes\latest game\game_coin\final\final moster 1 - copy (2) - copy\debug\coconut monster.exe
e:\lms\semester 1\cs110\my codes\latest game\game_coin\final\final moster 1 - copy (2) - copy\debug\coconut monster.pdb
e:\lms\semester 1\cs110\my codes\latest game\game_coin\final\final moster 1 - copy (2) - copy\debug\jahaz vs2013.ilk
e:\lms\semester 1\cs110\my codes\latest game\game_coin\final\final moster 1 - copy (2) - copy\debug\jahaz vs2013.pdb
e:\lms\semester 1\cs110\my codes\latest game\game_coin\final\final moster 1 - copy (2) - copy\debug\coconut monster.tlog\cl.command.1.tlog
e:\lms\semester 1\cs110\my codes\latest game\game_coin\final\final moster 1 - copy (2) - copy\debug\coconut monster.tlog\cl.read.1.tlog
e:\lms\semester 1\cs110\my codes\latest game\game_coin\final\final moster 1 - copy (2) - copy\debug\coconut monster.tlog\cl.write.1.tlog
e:\lms\semester 1\cs110\my codes\latest game\game_coin\final\final moster 1 - copy (2) - copy\debug\coconut monster.tlog\link.command.1.tlog
e:\lms\semester 1\cs110\my codes\latest game\game_coin\final\final moster 1 - copy (2) - copy\debug\coconut monster.tlog\link.read.1.tlog
e:\lms\semester 1\cs110\my codes\latest game\game_coin\final\final moster 1 - copy (2) - copy\debug\coconut monster.tlog\link.write.1.tlog
