Build started 11/22/2015 1:36:55 AM.
     1>Project "E:\lms\semester 1\CS110\My codes\latest game\game_coin\final\assignment\coconut monster.vcxproj" on node 2 (Build target(s)).
     1>C:\Program Files (x86)\MSBuild\Microsoft.Cpp\v4.0\V120\Microsoft.CppBuild.targets(381,5): warning MSB8028: The intermediate directory (Debug\) contains files shared from another project (Jahaz vs2013.vcxproj).  This can lead to incorrect clean and rebuild behavior.
     1>ClCompile:
         C:\Program Files (x86)\Microsoft Visual Studio 12.0\VC\bin\CL.exe /c /ZI /nologo /W3 /WX- /Od /Oy- /D WIN32 /D _DEBUG /D _CONSOLE /D _LIB /D _USING_V110_SDK71_ /D _UNICODE /D UNICODE /Gm /EHsc /RTC1 /MDd /GS /fp:precise /Zc:wchar_t /Zc:forScope /Fo"Debug\\" /Fd"Debug\vc120.pdb" /Gd /TP /analyze- /errorReport:prompt main.cpp Textures.cpp
         Textures.cpp
     1>e:\lms\semester 1\cs110\my codes\latest game\game_coin\final\assignment\textures.cpp(217): warning C4996: 'fopen': This function or variable may be unsafe. Consider using fopen_s instead. To disable deprecation, use _CRT_SECURE_NO_WARNINGS. See online help for details.
                 c:\program files (x86)\microsoft visual studio 12.0\vc\include\stdio.h(211) : see declaration of 'fopen'
         main.cpp
     1>e:\lms\semester 1\cs110\my codes\latest game\game_coin\final\assignment\main.cpp(468): warning C4996: 'sprintf': This function or variable may be unsafe. Consider using sprintf_s instead. To disable deprecation, use _CRT_SECURE_NO_WARNINGS. See online help for details.
                 c:\program files (x86)\microsoft visual studio 12.0\vc\include\stdio.h(356) : see declaration of 'sprintf'
     1>e:\lms\semester 1\cs110\my codes\latest game\game_coin\final\assignment\main.cpp(471): warning C4996: 'sprintf': This function or variable may be unsafe. Consider using sprintf_s instead. To disable deprecation, use _CRT_SECURE_NO_WARNINGS. See online help for details.
                 c:\program files (x86)\microsoft visual studio 12.0\vc\include\stdio.h(356) : see declaration of 'sprintf'
     1>e:\lms\semester 1\cs110\my codes\latest game\game_coin\final\assignment\main.cpp(503): warning C4996: 'sprintf': This function or variable may be unsafe. Consider using sprintf_s instead. To disable deprecation, use _CRT_SECURE_NO_WARNINGS. See online help for details.
                 c:\program files (x86)\microsoft visual studio 12.0\vc\include\stdio.h(356) : see declaration of 'sprintf'
     1>e:\lms\semester 1\cs110\my codes\latest game\game_coin\final\assignment\main.cpp(512): warning C4996: 'sprintf': This function or variable may be unsafe. Consider using sprintf_s instead. To disable deprecation, use _CRT_SECURE_NO_WARNINGS. See online help for details.
                 c:\program files (x86)\microsoft visual studio 12.0\vc\include\stdio.h(356) : see declaration of 'sprintf'
         Generating Code...
       Link:
         C:\Program Files (x86)\Microsoft Visual Studio 12.0\VC\bin\link.exe /ERRORREPORT:PROMPT /OUT:"E:\lms\semester 1\CS110\My codes\latest game\game_coin\final\assignment\Debug\coconut monster.exe" /INCREMENTAL /NOLOGO kernel32.lib user32.lib gdi32.lib winspool.lib comdlg32.lib advapi32.lib shell32.lib ole32.lib oleaut32.lib uuid.lib odbc32.lib odbccp32.lib /MANIFEST /MANIFESTUAC:"level='asInvoker' uiAccess='false'" /manifest:embed /DEBUG /PDB:"E:\lms\semester 1\CS110\My codes\latest game\game_coin\final\assignment\Debug\coconut monster.pdb" /SUBSYSTEM:CONSOLE,"5.01" /TLBID:1 /DYNAMICBASE /NXCOMPAT /IMPLIB:"E:\lms\semester 1\CS110\My codes\latest game\game_coin\final\assignment\Debug\coconut monster.lib" /MACHINE:X86 Debug\main.obj
         Debug\Textures.obj
         coconut monster.vcxproj -> E:\lms\semester 1\CS110\My codes\latest game\game_coin\final\assignment\Debug\coconut monster.exe
     1>Done Building Project "E:\lms\semester 1\CS110\My codes\latest game\game_coin\final\assignment\coconut monster.vcxproj" (Build target(s)).

Build succeeded.

Time Elapsed 00:00:02.32
